[0.000][INFO]:      ChromeDriver 21.0.1180.4 /usr/local/bin/chromedriver
[0.226][FINE]:      Initializing session with capabilities {
   "browserName": "chrome",
   "chrome.detach": true,
   "chromeOptions": {
      "detach": true
   },
   "cssSelectorsEnabled": true,
   "javascriptEnabled": true,
   "nativeEvents": false,
   "platform": "ANY",
   "rotatable": false,
   "takesScreenshot": false,
   "version": ""
}

[0.227][INFO]:      Using named testing interface
[0.831][INFO]:      Connected to Chrome successfully. Version: 28.0.1500.71
[0.853][FINE]:      Command received (/session/c46216da583211c5160c86853bcc97e4)
[0.853][FINE]:      Command finished (/session/c46216da583211c5160c86853bcc97e4) with response {
   "sessionId": "c46216da583211c5160c86853bcc97e4",
   "status": 0,
   "value": {
      "acceptSslCerts": false,
      "applicationCacheEnabled": false,
      "browserConnectionEnabled": false,
      "browserName": "chrome",
      "chrome.chromedriverVersion": "21.0.1180.4",
      "chrome.nativeEvents": false,
      "cssSelectorsEnabled": true,
      "databaseEnabled": false,
      "handlesAlerts": true,
      "javascriptEnabled": true,
      "locationContextEnabled": false,
      "nativeEvents": true,
      "platform": "mac",
      "rotatable": false,
      "takesScreenshot": true,
      "version": "28.0.1500.71",
      "webStorageEnabled": true
   }
}

[0.854][FINE]:      Command received (/session/c46216da583211c5160c86853bcc97e4/url) with params {
   "url": "http://nzherald.co.nz/"
}

[0.854][FINER]:     Waiting for all views to stop loading...
[0.855][FINER]:     Done waiting for all views to stop loading
[6.024][FINER]:     Waiting for all views to stop loading...
[6.025][FINER]:     Done waiting for all views to stop loading
[6.025][FINE]:      Command finished (/session/c46216da583211c5160c86853bcc97e4/url) with response {
   "sessionId": "c46216da583211c5160c86853bcc97e4",
   "status": 0,
   "value": {

   }
}

[6.027][FINE]:      Command received (/session/c46216da583211c5160c86853bcc97e4/execute) with params {
   "args": [  ],
   "script": "return window.performance.timing.loadEventEnd"
}

[6.027][FINER]:     Waiting for all views to stop loading...
[6.027][FINER]:     Done waiting for all views to stop loading
[6.032][FINER]:     Waiting for all views to stop loading...
[6.032][FINER]:     Done waiting for all views to stop loading
[6.032][FINE]:      Command finished (/session/c46216da583211c5160c86853bcc97e4/execute) with response {
   "sessionId": "c46216da583211c5160c86853bcc97e4",
   "status": 0,
   "value": 1373802760656.0
}

[6.034][FINE]:      Command received (/session/c46216da583211c5160c86853bcc97e4/execute) with params {
   "args": [  ],
   "script": "window.WBench = {\n  resourceURLs: function() {\n    urls = this.backgroundURLs().concat(this.image..."
}

[6.034][FINER]:     Waiting for all views to stop loading...
[6.034][FINER]:     Done waiting for all views to stop loading
[6.038][FINER]:     Waiting for all views to stop loading...
[6.038][FINER]:     Done waiting for all views to stop loading
[6.038][FINE]:      Command finished (/session/c46216da583211c5160c86853bcc97e4/execute) with response {
   "sessionId": "c46216da583211c5160c86853bcc97e4",
   "status": 0,
   "value": null
}

[6.509][FINE]:      Command received (/session/c46216da583211c5160c86853bcc97e4/execute) with params {
   "args": [  ],
   "script": "return window.performance.timing"
}

[6.509][FINER]:     Waiting for all views to stop loading...
[6.509][FINER]:     Done waiting for all views to stop loading
[6.513][FINER]:     Waiting for all views to stop loading...
[6.513][FINER]:     Done waiting for all views to stop loading
[6.513][FINE]:      Command finished (/session/c46216da583211c5160c86853bcc97e4/execute) with response {
   "sessionId": "c46216da583211c5160c86853bcc97e4",
   "status": 0,
   "value": {
      "connectEnd": 1373802756752.0,
      "connectStart": 1373802756725.0,
      "domComplete": 1373802760620.0,
      "domContentLoadedEventEnd": 1373802759297.0,
      "domContentLoadedEventStart": 1373802759063.0,
      "domInteractive": 1373802759063.0,
      "domLoading": 1373802756796.0,
      "domainLookupEnd": 1373802756725.0,
      "domainLookupStart": 1373802756719.0,
      "fetchStart": 1373802756718.0,
      "loadEventEnd": 1373802760656.0,
      "loadEventStart": 1373802760620.0,
      "navigationStart": 1373802756495.0,
      "redirectEnd": 0,
      "redirectStart": 0,
      "requestStart": 1373802756753.0,
      "responseEnd": 1373802756854.0,
      "responseStart": 1373802756779.0,
      "secureConnectionStart": 0,
      "unloadEventEnd": 0,
      "unloadEventStart": 0
   }
}

[6.515][FINE]:      Command received (/session/c46216da583211c5160c86853bcc97e4/execute) with params {
   "args": [  ],
   "script": "return WBench.resourceURLs()"
}

[6.515][FINER]:     Waiting for all views to stop loading...
[6.515][FINER]:     Done waiting for all views to stop loading
[6.536][FINER]:     Waiting for all views to stop loading...
[6.536][FINER]:     Done waiting for all views to stop loading
[6.536][FINE]:      Command finished (/session/c46216da583211c5160c86853bcc97e4/execute) with response {
   "sessionId": "c46216da583211c5160c86853bcc97e4",
   "status": 0,
   "value": "[\"http://content.aimatch.com/apnnz/GrabOne/grabone-thridbirthday1900x920Ver3.jpg\",\"http://www.nzh..."
}

[11.718][FINE]:     Command received (/session/c46216da583211c5160c86853bcc97e4)
